<?xml version="1.0" encoding="UTF-8"?>
<!-- Generated by org.testng.reporters.JUnitReportReporter -->
<testsuite hostname="DESKTOP-L6FPVDH" failures="0" tests="1" name="script.OrangeTest" time="21.186" errors="0" timestamp="2023-09-14T09:04:36 IST" skipped="0">
  <testcase classname="script.OrangeTest" name="testOrangeTest" time="21.186">
    <system-out>
      <![CDATA[Home page is displayed]]>
    </system-out>
  </testcase> <!-- testOrangeTest -->
  <system-out>
    <![CDATA[Home page is displayed]]>
  </system-out>
</testsuite> <!-- script.OrangeTest -->
