<?xml version="1.0" encoding="UTF-8"?>
<!-- Generated by org.testng.reporters.JUnitReportReporter -->
<testsuite hostname="DESKTOP-L6FPVDH" failures="0" tests="1" name="script.DemoTest" time="11.353" errors="0" timestamp="2023-09-13T11:41:04 IST" skipped="0">
  <testcase classname="script.DemoTest" name="testA" time="11.353">
    <system-out>
      <![CDATA[Google
RC 3
CC 3
Value UN]]>
    </system-out>
  </testcase> <!-- testA -->
  <system-out>
    <![CDATA[Google
RC 3
CC 3
Value UN]]>
  </system-out>
</testsuite> <!-- script.DemoTest -->
