<?xml version="1.0" encoding="UTF-8"?>
<!-- Generated by org.testng.reporters.JUnitReportReporter -->
<testsuite hostname="DESKTOP-L6FPVDH" failures="0" tests="1" name="practies.PomTestNG" time="10.660" errors="0" timestamp="2023-09-29T19:48:03 IST" skipped="0">
  <testcase classname="practies.PomTestNG" name="testLoginPage" time="10.660"/>
</testsuite> <!-- practies.PomTestNG -->
