<?xml version="1.0" encoding="UTF-8"?>
<!-- Generated by org.testng.reporters.JUnitReportReporter -->
<testsuite hostname="DESKTOP-L6FPVDH" failures="0" tests="1" name="practies.Practies1" time="8.476" errors="0" timestamp="2023-10-18T18:27:21 IST" skipped="0">
  <testcase classname="practies.Practies1" name="closeApp" time="8.476"/>
</testsuite> <!-- practies.Practies1 -->
