<?xml version="1.0" encoding="UTF-8"?>
<!-- Generated by org.testng.reporters.JUnitReportReporter -->
<testsuite hostname="DESKTOP-L6FPVDH" failures="0" tests="1" name="script.ValidLoginLogOut" time="23.920" errors="0" timestamp="2023-09-14T20:08:06 IST" skipped="0">
  <testcase classname="script.ValidLoginLogOut" name="testValidLogin" time="23.920">
    <system-out>
      <![CDATA[Login Page is displayed]]>
    </system-out>
  </testcase> <!-- testValidLogin -->
  <system-out>
    <![CDATA[Login Page is displayed]]>
  </system-out>
</testsuite> <!-- script.ValidLoginLogOut -->
