<?xml version="1.0" encoding="UTF-8"?>
<!-- Generated by org.testng.reporters.JUnitReportReporter -->
<testsuite hostname="DESKTOP-L6FPVDH" failures="0" tests="1" name="practies.UseExcel" time="1.376" errors="0" timestamp="2023-11-05T01:11:16 IST" skipped="0">
  <testcase classname="practies.UseExcel" name="test" time="1.376"/>
</testsuite> <!-- practies.UseExcel -->
