<?xml version="1.0" encoding="UTF-8"?>
<!-- Generated by org.testng.reporters.JUnitReportReporter -->
<testsuite hostname="DESKTOP-L6FPVDH" failures="0" tests="1" name="script.InvalidLogin" time="29.400" errors="0" timestamp="2023-09-14T19:38:40 IST" skipped="0">
  <testcase classname="script.InvalidLogin" name="testInvalidLogin" time="29.400">
    <system-out>
      <![CDATA[Err Msg is displayed]]>
    </system-out>
  </testcase> <!-- testInvalidLogin -->
  <system-out>
    <![CDATA[Err Msg is displayed]]>
  </system-out>
</testsuite> <!-- script.InvalidLogin -->
