<?xml version="1.0" encoding="UTF-8"?>
<!-- Generated by org.testng.reporters.JUnitReportReporter -->
<testsuite hostname="DESKTOP-L6FPVDH" failures="0" tests="1" name="script.ValidLogin" time="30.755" errors="0" timestamp="2023-09-13T20:59:12 IST" skipped="0">
  <testcase classname="script.ValidLogin" name="testValidLogin" time="30.755">
    <system-out>
      <![CDATA[Home Page is displayed]]>
    </system-out>
  </testcase> <!-- testValidLogin -->
  <system-out>
    <![CDATA[actiTIME - Login
actiTIME - Login
Home Page is displayed]]>
  </system-out>
</testsuite> <!-- script.ValidLogin -->
