<?xml version="1.0" encoding="UTF-8"?>
<!-- Generated by org.testng.reporters.JUnitReportReporter -->
<testsuite hostname="DESKTOP-L6FPVDH" failures="0" tests="1" name="practies.Fb" time="10.271" errors="0" timestamp="2023-10-18T18:11:00 IST" skipped="0">
  <testcase classname="practies.Fb" name="loginPage" time="10.271"/>
</testsuite> <!-- practies.Fb -->
